<?xml version="1.0" encoding="UTF-8"?>
<item><pubDate>Fri, 29 Apr 2016 06:55:12 -0400</pubDate><title><![CDATA[test nav2]]></title><url><![CDATA[test-nav2]]></url><meta><![CDATA[]]></meta><metad><![CDATA[]]></metad><menu><![CDATA[test]]></menu><menuOrder><![CDATA[0]]></menuOrder><menuStatus><![CDATA[Y]]></menuStatus><template><![CDATA[template.php]]></template><parent><![CDATA[nature-lover]]></parent><content><![CDATA[&lt;p&gt;test&lt;/p&gt;
]]></content><private><![CDATA[]]></private><author><![CDATA[admin]]></author></item>
